<?xml version="1.0" encoding="UTF-8"?>
<!-- Generated by org.testng.reporters.JUnitReportReporter -->
<testsuite hostname="LAPTOP-KFV0PSKR" name="com.TestCases.Parameterization" tests="1" failures="0" timestamp="12 May 2020 05:30:48 GMT" time="12.155" errors="0">
  <testcase name="loginWithWrongCredentials" time="12.155" classname="com.TestCases.Parameterization"/>
</testsuite> <!-- com.TestCases.Parameterization -->
