<?xml version="1.0" encoding="UTF-8"?>
<!-- Generated by org.testng.reporters.JUnitReportReporter -->
<testsuite hostname="LAPTOP-KFV0PSKR" name="com.TestCases.CompletlyCorrectCredntials" tests="1" failures="0" timestamp="12 May 2020 05:13:50 GMT" time="17.096" errors="0">
  <testcase name="loginWithCorrectCredentials" time="17.096" classname="com.TestCases.CompletlyCorrectCredntials"/>
</testsuite> <!-- com.TestCases.CompletlyCorrectCredntials -->
