<?xml version="1.0" encoding="UTF-8"?>
<!-- Generated by org.testng.reporters.JUnitReportReporter -->
<testsuite hostname="LAPTOP-KFV0PSKR" name="com.TestCases.OnlyCorrectUserName" tests="1" failures="0" timestamp="12 May 2020 05:13:50 GMT" time="19.008" errors="0">
  <testcase name="loginWithOnlyCorrectUserName" time="19.008" classname="com.TestCases.OnlyCorrectUserName"/>
</testsuite> <!-- com.TestCases.OnlyCorrectUserName -->
