<?xml version="1.0" encoding="UTF-8"?>
<!-- Generated by org.testng.reporters.JUnitReportReporter -->
<testsuite hostname="LAPTOP-KFV0PSKR" name="com.TestCases.CompletelyWrongCredentials" tests="1" failures="0" timestamp="12 May 2020 05:13:50 GMT" time="14.959" errors="0">
  <testcase name="loginWithWrongCredentials" time="14.959" classname="com.TestCases.CompletelyWrongCredentials"/>
</testsuite> <!-- com.TestCases.CompletelyWrongCredentials -->
